# JRE version: Java(TM) SE Runtime Environment (8.0_121-b13) (build 1.8.0_121-b13)
# Java VM: Java HotSpot(TM) 64-Bit Server VM (25.121-b13 mixed mode windows-amd64 compressed oops)
Heap:
 PSYoungGen      total 226816K, used 49386K [0x00000000d6100000, 0x00000000e4e00000, 0x0000000100000000)
  eden space 216576K, 22% used [0x00000000d6100000,0x00000000d913a810,0x00000000e3480000)
  from space 10240K, 0% used [0x00000000e4400000,0x00000000e4400000,0x00000000e4e00000)
  to   space 11264K, 0% used [0x00000000e3800000,0x00000000e3800000,0x00000000e4300000)
 ParOldGen       total 53248K, used 20143K [0x0000000082200000, 0x0000000085600000, 0x00000000d6100000)
  object space 53248K, 37% used [0x0000000082200000,0x00000000835abde8,0x0000000085600000)
 Metaspace       used 37380K, capacity 39440K, committed 39680K, reserved 1091584K
  class space    used 5147K, capacity 5551K, committed 5632K, reserved 1048576K
GC Heap History (10 events):
Event: 3.703 GC heap before
{Heap before GC invocations=13 (full 3):
 PSYoungGen      total 226816K, used 2030K [0x00000000d6100000, 0x00000000e4e00000, 0x0000000100000000)
  eden space 216576K, 0% used [0x00000000d6100000,0x00000000d6100000,0x00000000e3480000)
  from space 10240K, 19% used [0x00000000e4400000,0x00000000e45fb8f0,0x00000000e4e00000)
  to   space 11264K, 0% used [0x00000000e3800000,0x00000000e3800000,0x00000000e4300000)
 ParOldGen       total 53248K, used 20437K [0x0000000082200000, 0x0000000085600000, 0x00000000d6100000)
  object space 53248K, 38% used [0x0000000082200000,0x00000000835f57f0,0x0000000085600000)
 Metaspace       used 34894K, capacity 36744K, committed 36864K, reserved 1087488K
  class space    used 4756K, capacity 5113K, committed 5120K, reserved 1048576K
Event: 3.762 GC heap after
Heap after GC invocations=13 (full 3):
 PSYoungGen      total 226816K, used 0K [0x00000000d6100000, 0x00000000e4e00000, 0x0000000100000000)
  eden space 216576K, 0% used [0x00000000d6100000,0x00000000d6100000,0x00000000e3480000)
  from space 10240K, 0% used [0x00000000e4400000,0x00000000e4400000,0x00000000e4e00000)
  to   space 11264K, 0% used [0x00000000e3800000,0x00000000e3800000,0x00000000e4300000)
 ParOldGen       total 53248K, used 18718K [0x0000000082200000, 0x0000000085600000, 0x00000000d6100000)
  object space 53248K, 35% used [0x0000000082200000,0x0000000083447a88,0x0000000085600000)
 Metaspace       used 34894K, capacity 36744K, committed 36864K, reserved 1085440K
  class space    used 4756K, capacity 5113K, committed 5120K, reserved 1048576K
}
Event: 4.202 GC heap before
{Heap before GC invocations=14 (full 3):
 PSYoungGen      total 226816K, used 50360K [0x00000000d6100000, 0x00000000e4e00000, 0x0000000100000000)
  eden space 216576K, 23% used [0x00000000d6100000,0x00000000d922e0e8,0x00000000e3480000)
  from space 10240K, 0% used [0x00000000e4400000,0x00000000e4400000,0x00000000e4e00000)
  to   space 11264K, 0% used [0x00000000e3800000,0x00000000e3800000,0x00000000e4300000)
 ParOldGen       total 53248K, used 18718K [0x0000000082200000, 0x0000000085600000, 0x00000000d6100000)
  object space 53248K, 35% used [0x0000000082200000,0x0000000083447a88,0x0000000085600000)
 Metaspace       used 36327K, capacity 38298K, committed 38400K, reserved 1089536K
  class space    used 4966K, capacity 5365K, committed 5376K, reserved 1048576K
Event: 4.205 GC heap after
Heap after GC invocations=14 (full 3):
 PSYoungGen      total 227840K, used 3151K [0x00000000d6100000, 0x00000000e4e00000, 0x0000000100000000)
  eden space 216576K, 0% used [0x00000000d6100000,0x00000000d6100000,0x00000000e3480000)
  from space 11264K, 27% used [0x00000000e3800000,0x00000000e3b13c40,0x00000000e4300000)
  to   space 10240K, 0% used [0x00000000e4400000,0x00000000e4400000,0x00000000e4e00000)
 ParOldGen       total 53248K, used 18718K [0x0000000082200000, 0x0000000085600000, 0x00000000d6100000)
  object space 53248K, 35% used [0x0000000082200000,0x0000000083447a88,0x0000000085600000)
 Metaspace       used 36327K, capacity 38298K, committed 38400K, reserved 1089536K
  class space    used 4966K, capacity 5365K, committed 5376K, reserved 1048576K
}
Event: 4.205 GC heap before
{Heap before GC invocations=15 (full 4):
 PSYoungGen      total 227840K, used 3151K [0x00000000d6100000, 0x00000000e4e00000, 0x0000000100000000)
  eden space 216576K, 0% used [0x00000000d6100000,0x00000000d6100000,0x00000000e3480000)
  from space 11264K, 27% used [0x00000000e3800000,0x00000000e3b13c40,0x00000000e4300000)
  to   space 10240K, 0% used [0x00000000e4400000,0x00000000e4400000,0x00000000e4e00000)
 ParOldGen       total 53248K, used 18718K [0x0000000082200000, 0x0000000085600000, 0x00000000d6100000)
  object space 53248K, 35% used [0x0000000082200000,0x0000000083447a88,0x0000000085600000)
 Metaspace       used 36327K, capacity 38298K, committed 38400K, reserved 1089536K
  class space    used 4966K, capacity 5365K, committed 5376K, reserved 1048576K
Event: 4.253 GC heap after
Heap after GC invocations=15 (full 4):
 PSYoungGen      total 227840K, used 0K [0x00000000d6100000, 0x00000000e4e00000, 0x0000000100000000)
  eden space 216576K, 0% used [0x00000000d6100000,0x00000000d6100000,0x00000000e3480000)
  from space 11264K, 0% used [0x00000000e3800000,0x00000000e3800000,0x00000000e4300000)
  to   space 10240K, 0% used [0x00000000e4400000,0x00000000e4400000,0x00000000e4e00000)
 ParOldGen       total 53248K, used 20891K [0x0000000082200000, 0x0000000085600000, 0x00000000d6100000)
  object space 53248K, 39% used [0x0000000082200000,0x0000000083666e00,0x0000000085600000)
 Metaspace       used 36327K, capacity 38298K, committed 38400K, reserved 1087488K
  class space    used 4966K, capacity 5365K, committed 5376K, reserved 1048576K
}
Event: 4.254 GC heap before
{Heap before GC invocations=16 (full 4):
 PSYoungGen      total 227840K, used 7905K [0x00000000d6100000, 0x00000000e4e00000, 0x0000000100000000)
  eden space 216576K, 3% used [0x00000000d6100000,0x00000000d68b84a8,0x00000000e3480000)
  from space 11264K, 0% used [0x00000000e3800000,0x00000000e3800000,0x00000000e4300000)
  to   space 10240K, 0% used [0x00000000e4400000,0x00000000e4400000,0x00000000e4e00000)
 ParOldGen       total 53248K, used 20891K [0x0000000082200000, 0x0000000085600000, 0x00000000d6100000)
  object space 53248K, 39% used [0x0000000082200000,0x0000000083666e00,0x0000000085600000)
 Metaspace       used 36327K, capacity 38298K, committed 38400K, reserved 1091584K
  class space    used 4966K, capacity 5365K, committed 5376K, reserved 1048576K
Event: 4.255 GC heap after
Heap after GC invocations=16 (full 4):
 PSYoungGen      total 226816K, used 128K [0x00000000d6100000, 0x00000000e4e00000, 0x0000000100000000)
  eden space 216576K, 0% used [0x00000000d6100000,0x00000000d6100000,0x00000000e3480000)
  from space 10240K, 1% used [0x00000000e4400000,0x00000000e4420000,0x00000000e4e00000)
  to   space 11264K, 0% used [0x00000000e3800000,0x00000000e3800000,0x00000000e4300000)
 ParOldGen       total 53248K, used 20891K [0x0000000082200000, 0x0000000085600000, 0x00000000d6100000)
  object space 53248K, 39% used [0x0000000082200000,0x0000000083666e00,0x0000000085600000)
 Metaspace       used 36327K, capacity 38298K, committed 38400K, reserved 1091584K
  class space    used 4966K, capacity 5365K, committed 5376K, reserved 1048576K
}
Event: 4.255 GC heap before
{Heap before GC invocations=17 (full 5):
 PSYoungGen      total 226816K, used 128K [0x00000000d6100000, 0x00000000e4e00000, 0x0000000100000000)
  eden space 216576K, 0% used [0x00000000d6100000,0x00000000d6100000,0x00000000e3480000)
  from space 10240K, 1% used [0x00000000e4400000,0x00000000e4420000,0x00000000e4e00000)
  to   space 11264K, 0% used [0x00000000e3800000,0x00000000e3800000,0x00000000e4300000)
 ParOldGen       total 53248K, used 20891K [0x0000000082200000, 0x0000000085600000, 0x00000000d6100000)
  object space 53248K, 39% used [0x0000000082200000,0x0000000083666e00,0x0000000085600000)
 Metaspace       used 36327K, capacity 38298K, committed 38400K, reserved 1091584K
  class space    used 4966K, capacity 5365K, committed 5376K, reserved 1048576K
Event: 4.283 GC heap after
Heap after GC invocations=17 (full 5):
 PSYoungGen      total 226816K, used 0K [0x00000000d6100000, 0x00000000e4e00000, 0x0000000100000000)
  eden space 216576K, 0% used [0x00000000d6100000,0x00000000d6100000,0x00000000e3480000)
  from space 10240K, 0% used [0x00000000e4400000,0x00000000e4400000,0x00000000e4e00000)
  to   space 11264K, 0% used [0x00000000e3800000,0x00000000e3800000,0x00000000e4300000)
 ParOldGen       total 53248K, used 20143K [0x0000000082200000, 0x0000000085600000, 0x00000000d6100000)
  object space 53248K, 37% used [0x0000000082200000,0x00000000835abde8,0x0000000085600000)
 Metaspace       used 36327K, capacity 38298K, committed 38400K, reserved 1087488K
  class space    used 4966K, capacity 5365K, committed 5376K, reserved 1048576K
}

