# JRE version: Java(TM) SE Runtime Environment (8.0_121-b13) (build 1.8.0_121-b13)
# Java VM: Java HotSpot(TM) 64-Bit Server VM (25.121-b13 mixed mode windows-amd64 compressed oops)
Heap:
 PSYoungGen      total 215040K, used 55353K [0x00000000d6100000, 0x00000000e7780000, 0x0000000100000000)
  eden space 200704K, 27% used [0x00000000d6100000,0x00000000d970e750,0x00000000e2500000)
  from space 14336K, 0% used [0x00000000e6980000,0x00000000e6980000,0x00000000e7780000)
  to   space 11264K, 0% used [0x00000000e2500000,0x00000000e2500000,0x00000000e3000000)
 ParOldGen       total 56832K, used 18775K [0x0000000082200000, 0x0000000085980000, 0x00000000d6100000)
  object space 56832K, 33% used [0x0000000082200000,0x0000000083455f30,0x0000000085980000)
 Metaspace       used 36600K, capacity 38620K, committed 38784K, reserved 1083392K
  class space    used 5020K, capacity 5430K, committed 5504K, reserved 1048576K
GC Heap History (10 events):
Event: 4.678 GC heap before
{Heap before GC invocations=9 (full 1):
 PSYoungGen      total 140800K, used 138679K [0x00000000d6100000, 0x00000000e3b00000, 0x0000000100000000)
  eden space 131072K, 100% used [0x00000000d6100000,0x00000000de100000,0x00000000de100000)
  from space 9728K, 78% used [0x00000000de100000,0x00000000de86de10,0x00000000dea80000)
  to   space 9728K, 0% used [0x00000000e3180000,0x00000000e3180000,0x00000000e3b00000)
 ParOldGen       total 56832K, used 6360K [0x0000000082200000, 0x0000000085980000, 0x00000000d6100000)
  object space 56832K, 11% used [0x0000000082200000,0x0000000082836218,0x0000000085980000)
 Metaspace       used 28339K, capacity 29534K, committed 29824K, reserved 1075200K
  class space    used 3941K, capacity 4205K, committed 4224K, reserved 1048576K
Event: 4.692 GC heap after
Heap after GC invocations=9 (full 1):
 PSYoungGen      total 208896K, used 9702K [0x00000000d6100000, 0x00000000e3b00000, 0x0000000100000000)
  eden space 199168K, 0% used [0x00000000d6100000,0x00000000d6100000,0x00000000e2380000)
  from space 9728K, 99% used [0x00000000e3180000,0x00000000e3af9960,0x00000000e3b00000)
  to   space 11264K, 0% used [0x00000000e2500000,0x00000000e2500000,0x00000000e3000000)
 ParOldGen       total 56832K, used 7027K [0x0000000082200000, 0x0000000085980000, 0x00000000d6100000)
  object space 56832K, 12% used [0x0000000082200000,0x00000000828dcee0,0x0000000085980000)
 Metaspace       used 28339K, capacity 29534K, committed 29824K, reserved 1075200K
  class space    used 3941K, capacity 4205K, committed 4224K, reserved 1048576K
}
Event: 5.971 GC heap before
{Heap before GC invocations=10 (full 1):
 PSYoungGen      total 208896K, used 151965K [0x00000000d6100000, 0x00000000e3b00000, 0x0000000100000000)
  eden space 199168K, 71% used [0x00000000d6100000,0x00000000debedac8,0x00000000e2380000)
  from space 9728K, 99% used [0x00000000e3180000,0x00000000e3af9960,0x00000000e3b00000)
  to   space 11264K, 0% used [0x00000000e2500000,0x00000000e2500000,0x00000000e3000000)
 ParOldGen       total 56832K, used 7027K [0x0000000082200000, 0x0000000085980000, 0x00000000d6100000)
  object space 56832K, 12% used [0x0000000082200000,0x00000000828dcee0,0x0000000085980000)
 Metaspace       used 33550K, capacity 35356K, committed 35456K, reserved 1079296K
  class space    used 4593K, capacity 4923K, committed 4992K, reserved 1048576K
Event: 5.984 GC heap after
Heap after GC invocations=10 (full 1):
 PSYoungGen      total 211968K, used 11232K [0x00000000d6100000, 0x00000000e7780000, 0x0000000100000000)
  eden space 200704K, 0% used [0x00000000d6100000,0x00000000d6100000,0x00000000e2500000)
  from space 11264K, 99% used [0x00000000e2500000,0x00000000e2ff8238,0x00000000e3000000)
  to   space 14336K, 0% used [0x00000000e6980000,0x00000000e6980000,0x00000000e7780000)
 ParOldGen       total 56832K, used 11410K [0x0000000082200000, 0x0000000085980000, 0x00000000d6100000)
  object space 56832K, 20% used [0x0000000082200000,0x0000000082d24b58,0x0000000085980000)
 Metaspace       used 33550K, capacity 35356K, committed 35456K, reserved 1079296K
  class space    used 4593K, capacity 4923K, committed 4992K, reserved 1048576K
}
Event: 5.984 GC heap before
{Heap before GC invocations=11 (full 2):
 PSYoungGen      total 211968K, used 11232K [0x00000000d6100000, 0x00000000e7780000, 0x0000000100000000)
  eden space 200704K, 0% used [0x00000000d6100000,0x00000000d6100000,0x00000000e2500000)
  from space 11264K, 99% used [0x00000000e2500000,0x00000000e2ff8238,0x00000000e3000000)
  to   space 14336K, 0% used [0x00000000e6980000,0x00000000e6980000,0x00000000e7780000)
 ParOldGen       total 56832K, used 11410K [0x0000000082200000, 0x0000000085980000, 0x00000000d6100000)
  object space 56832K, 20% used [0x0000000082200000,0x0000000082d24b58,0x0000000085980000)
 Metaspace       used 33550K, capacity 35356K, committed 35456K, reserved 1079296K
  class space    used 4593K, capacity 4923K, committed 4992K, reserved 1048576K
Event: 6.043 GC heap after
Heap after GC invocations=11 (full 2):
 PSYoungGen      total 211968K, used 0K [0x00000000d6100000, 0x00000000e7780000, 0x0000000100000000)
  eden space 200704K, 0% used [0x00000000d6100000,0x00000000d6100000,0x00000000e2500000)
  from space 11264K, 0% used [0x00000000e2500000,0x00000000e2500000,0x00000000e3000000)
  to   space 14336K, 0% used [0x00000000e6980000,0x00000000e6980000,0x00000000e7780000)
 ParOldGen       total 56832K, used 20474K [0x0000000082200000, 0x0000000085980000, 0x00000000d6100000)
  object space 56832K, 36% used [0x0000000082200000,0x00000000835febe8,0x0000000085980000)
 Metaspace       used 33550K, capacity 35356K, committed 35456K, reserved 1079296K
  class space    used 4593K, capacity 4923K, committed 4992K, reserved 1048576K
}
Event: 6.258 GC heap before
{Heap before GC invocations=12 (full 2):
 PSYoungGen      total 211968K, used 30404K [0x00000000d6100000, 0x00000000e7780000, 0x0000000100000000)
  eden space 200704K, 15% used [0x00000000d6100000,0x00000000d7eb1058,0x00000000e2500000)
  from space 11264K, 0% used [0x00000000e2500000,0x00000000e2500000,0x00000000e3000000)
  to   space 14336K, 0% used [0x00000000e6980000,0x00000000e6980000,0x00000000e7780000)
 ParOldGen       total 56832K, used 20474K [0x0000000082200000, 0x0000000085980000, 0x00000000d6100000)
  object space 56832K, 36% used [0x0000000082200000,0x00000000835febe8,0x0000000085980000)
 Metaspace       used 34641K, capacity 36554K, committed 36608K, reserved 1085440K
  class space    used 4752K, capacity 5114K, committed 5120K, reserved 1048576K
Event: 6.261 GC heap after
Heap after GC invocations=12 (full 2):
 PSYoungGen      total 215040K, used 2041K [0x00000000d6100000, 0x00000000e7780000, 0x0000000100000000)
  eden space 200704K, 0% used [0x00000000d6100000,0x00000000d6100000,0x00000000e2500000)
  from space 14336K, 14% used [0x00000000e6980000,0x00000000e6b7e4e8,0x00000000e7780000)
  to   space 11264K, 0% used [0x00000000e2500000,0x00000000e2500000,0x00000000e3000000)
 ParOldGen       total 56832K, used 20482K [0x0000000082200000, 0x0000000085980000, 0x00000000d6100000)
  object space 56832K, 36% used [0x0000000082200000,0x0000000083600be8,0x0000000085980000)
 Metaspace       used 34641K, capacity 36554K, committed 36608K, reserved 1085440K
  class space    used 4752K, capacity 5114K, committed 5120K, reserved 1048576K
}
Event: 6.262 GC heap before
{Heap before GC invocations=13 (full 3):
 PSYoungGen      total 215040K, used 2041K [0x00000000d6100000, 0x00000000e7780000, 0x0000000100000000)
  eden space 200704K, 0% used [0x00000000d6100000,0x00000000d6100000,0x00000000e2500000)
  from space 14336K, 14% used [0x00000000e6980000,0x00000000e6b7e4e8,0x00000000e7780000)
  to   space 11264K, 0% used [0x00000000e2500000,0x00000000e2500000,0x00000000e3000000)
 ParOldGen       total 56832K, used 20482K [0x0000000082200000, 0x0000000085980000, 0x00000000d6100000)
  object space 56832K, 36% used [0x0000000082200000,0x0000000083600be8,0x0000000085980000)
 Metaspace       used 34641K, capacity 36554K, committed 36608K, reserved 1085440K
  class space    used 4752K, capacity 5114K, committed 5120K, reserved 1048576K
Event: 6.330 GC heap after
Heap after GC invocations=13 (full 3):
 PSYoungGen      total 215040K, used 0K [0x00000000d6100000, 0x00000000e7780000, 0x0000000100000000)
  eden space 200704K, 0% used [0x00000000d6100000,0x00000000d6100000,0x00000000e2500000)
  from space 14336K, 0% used [0x00000000e6980000,0x00000000e6980000,0x00000000e7780000)
  to   space 11264K, 0% used [0x00000000e2500000,0x00000000e2500000,0x00000000e3000000)
 ParOldGen       total 56832K, used 18775K [0x0000000082200000, 0x0000000085980000, 0x00000000d6100000)
  object space 56832K, 33% used [0x0000000082200000,0x0000000083455f30,0x0000000085980000)
 Metaspace       used 34641K, capacity 36554K, committed 36608K, reserved 1083392K
  class space    used 4752K, capacity 5114K, committed 5120K, reserved 1048576K
}

